{"level":"error","message":"Catch block error in getEnv() Missing required environment variable: REDIS_USERNAME","timestamp":"2026-01-27T05:44:00.413Z"}
{"level":"error","message":"Catch block error in getEnv() Missing required environment variable: REDIS_PASSWORD","timestamp":"2026-01-27T05:44:00.415Z"}
{"level":"error","message":"Catch block error in getEnv() Missing required environment variable: REDIS_URL","timestamp":"2026-01-27T05:44:00.415Z"}
{"level":"error","message":"Catch block error in getEnv() Missing required environment variable: REDIS_PORT","timestamp":"2026-01-27T05:44:00.415Z"}
{"level":"error","message":"Catch block error in getEnv() Missing required environment variable: ACCESS_TOKEN_SECRET","timestamp":"2026-01-27T05:44:00.416Z"}
{"level":"error","message":"Catch block error in getEnv() Missing required environment variable: REFRESH_TOKEN_SECRET","timestamp":"2026-01-27T05:44:00.416Z"}
{"level":"error","message":"Catch block error in getEnv() Missing required environment variable: ACCESS_TOKEN_EXPIRES","timestamp":"2026-01-27T05:44:00.416Z"}
{"level":"error","message":"Catch block error in getEnv() Missing required environment variable: REFRESH_TOKEN_EXPIRES_SEC","timestamp":"2026-01-27T05:44:00.417Z"}
{"level":"error","message":"Catch block error in getEnv() Missing required environment variable: IMAGEKIT_PUBLIC_KEY","timestamp":"2026-01-27T05:44:00.418Z"}
{"level":"error","message":"Catch block error in getEnv() Missing required environment variable: IMAGEKIT_PRIVATE_KEY","timestamp":"2026-01-27T05:44:00.418Z"}
{"level":"error","message":"Catch block error in getEnv() Missing required environment variable: IMAGEKIT_URLENDPOINT","timestamp":"2026-01-27T05:44:00.419Z"}
{"level":"error","message":"Catch block error in getEnv() Missing required environment variable: REDIS_USERNAME","timestamp":"2026-01-27T05:44:48.162Z"}
{"level":"error","message":"Catch block error in getEnv() Missing required environment variable: REDIS_PASSWORD","timestamp":"2026-01-27T05:44:48.164Z"}
{"level":"error","message":"Catch block error in getEnv() Missing required environment variable: REDIS_URL","timestamp":"2026-01-27T05:44:48.164Z"}
{"level":"error","message":"Catch block error in getEnv() Missing required environment variable: REDIS_PORT","timestamp":"2026-01-27T05:44:48.165Z"}
{"level":"error","message":"Catch block error in getEnv() Missing required environment variable: ACCESS_TOKEN_SECRET","timestamp":"2026-01-27T05:44:48.165Z"}
{"level":"error","message":"Catch block error in getEnv() Missing required environment variable: REFRESH_TOKEN_SECRET","timestamp":"2026-01-27T05:44:48.165Z"}
{"level":"error","message":"Catch block error in getEnv() Missing required environment variable: ACCESS_TOKEN_EXPIRES","timestamp":"2026-01-27T05:44:48.166Z"}
{"level":"error","message":"Catch block error in getEnv() Missing required environment variable: REFRESH_TOKEN_EXPIRES_SEC","timestamp":"2026-01-27T05:44:48.166Z"}
{"level":"error","message":"Catch block error in getEnv() Missing required environment variable: IMAGEKIT_PUBLIC_KEY","timestamp":"2026-01-27T05:44:48.167Z"}
{"level":"error","message":"Catch block error in getEnv() Missing required environment variable: IMAGEKIT_PRIVATE_KEY","timestamp":"2026-01-27T05:44:48.167Z"}
{"level":"error","message":"Catch block error in getEnv() Missing required environment variable: IMAGEKIT_URLENDPOINT","timestamp":"2026-01-27T05:44:48.168Z"}
